
***ERROR LOG [2024-08-13 12:44:08 AM]***
Object reference not set to an instance of an object.
System.NullReferenceException: Object reference not set to an instance of an object.
   at System.ObjectExtUtility.GetEventDelegates(Object obj, String eventName)
   at VitaNex.VitaNexCore.Configure()



***ERROR LOG [2024-08-13 12:54:25 AM]***
Object reference not set to an instance of an object.
System.NullReferenceException: Object reference not set to an instance of an object.
   at System.ObjectExtUtility.GetEventDelegates(Object obj, String eventName)
   at VitaNex.VitaNexCore.Configure()



***ERROR LOG [2024-08-13 8:23:59 AM]***
Object reference not set to an instance of an object.
System.NullReferenceException: Object reference not set to an instance of an object.
   at System.ObjectExtUtility.GetEventDelegates(Object obj, String eventName)
   at VitaNex.VitaNexCore.Configure()



***ERROR LOG [2024-08-13 8:26:58 AM]***
Object reference not set to an instance of an object.
System.NullReferenceException: Object reference not set to an instance of an object.
   at System.ObjectExtUtility.GetEventDelegates(Object obj, String eventName)
   at VitaNex.VitaNexCore.Configure()



***ERROR LOG [2024-08-13 8:29:58 AM]***
Object reference not set to an instance of an object.
System.NullReferenceException: Object reference not set to an instance of an object.
   at System.ObjectExtUtility.GetEventDelegates(Object obj, String eventName)
   at VitaNex.VitaNexCore.Configure()



***ERROR LOG [2024-08-13 8:39:57 AM]***
Object reference not set to an instance of an object.
System.NullReferenceException: Object reference not set to an instance of an object.
   at System.ObjectExtUtility.GetEventDelegates(Object obj, String eventName)
   at VitaNex.VitaNexCore.Configure()



***ERROR LOG [2024-08-13 8:45:07 AM]***
Object reference not set to an instance of an object.
System.NullReferenceException: Object reference not set to an instance of an object.
   at System.ObjectExtUtility.GetEventDelegates(Object obj, String eventName)
   at VitaNex.VitaNexCore.Configure()



***ERROR LOG [2024-08-13 10:48:14 AM]***
Object reference not set to an instance of an object.
System.NullReferenceException: Object reference not set to an instance of an object.
   at System.ObjectExtUtility.GetEventDelegates(Object obj, String eventName)
   at VitaNex.VitaNexCore.Configure()



***ERROR LOG [2024-08-13 11:17:20 AM]***
Object reference not set to an instance of an object.
System.NullReferenceException: Object reference not set to an instance of an object.
   at System.ObjectExtUtility.GetEventDelegates(Object obj, String eventName)
   at VitaNex.VitaNexCore.Configure()



***ERROR LOG [2024-08-13 1:57:18 PM]***
Object reference not set to an instance of an object.
System.NullReferenceException: Object reference not set to an instance of an object.
   at System.ObjectExtUtility.GetEventDelegates(Object obj, String eventName)
   at VitaNex.VitaNexCore.Configure()



***ERROR LOG [2024-08-13 3:36:39 PM]***
Object reference not set to an instance of an object.
System.NullReferenceException: Object reference not set to an instance of an object.
   at System.ObjectExtUtility.GetEventDelegates(Object obj, String eventName)
   at VitaNex.VitaNexCore.Configure()



***ERROR LOG [2024-08-13 4:22:15 PM]***
Object reference not set to an instance of an object.
System.NullReferenceException: Object reference not set to an instance of an object.
   at System.ObjectExtUtility.GetEventDelegates(Object obj, String eventName)
   at VitaNex.VitaNexCore.Configure()



***ERROR LOG [2024-08-13 7:20:11 PM]***
Object reference not set to an instance of an object.
System.NullReferenceException: Object reference not set to an instance of an object.
   at System.ObjectExtUtility.GetEventDelegates(Object obj, String eventName)
   at VitaNex.VitaNexCore.Configure()



***ERROR LOG [2024-08-13 7:39:14 PM]***
Object reference not set to an instance of an object.
System.NullReferenceException: Object reference not set to an instance of an object.
   at System.ObjectExtUtility.GetEventDelegates(Object obj, String eventName)
   at VitaNex.VitaNexCore.Configure()



***ERROR LOG [2024-08-13 7:44:18 PM]***
Object reference not set to an instance of an object.
System.NullReferenceException: Object reference not set to an instance of an object.
   at System.ObjectExtUtility.GetEventDelegates(Object obj, String eventName)
   at VitaNex.VitaNexCore.Configure()



***ERROR LOG [2024-08-13 10:05:06 PM]***
Object reference not set to an instance of an object.
System.NullReferenceException: Object reference not set to an instance of an object.
   at System.ObjectExtUtility.GetEventDelegates(Object obj, String eventName)
   at VitaNex.VitaNexCore.Configure()



***ERROR LOG [2024-08-13 10:18:13 PM]***
Object reference not set to an instance of an object.
System.NullReferenceException: Object reference not set to an instance of an object.
   at System.ObjectExtUtility.GetEventDelegates(Object obj, String eventName)
   at VitaNex.VitaNexCore.Configure()



***ERROR LOG [2024-08-13 10:29:35 PM]***
Object reference not set to an instance of an object.
System.NullReferenceException: Object reference not set to an instance of an object.
   at System.ObjectExtUtility.GetEventDelegates(Object obj, String eventName)
   at VitaNex.VitaNexCore.Configure()



***ERROR LOG [2024-08-13 10:36:26 PM]***
Object reference not set to an instance of an object.
System.NullReferenceException: Object reference not set to an instance of an object.
   at System.ObjectExtUtility.GetEventDelegates(Object obj, String eventName)
   at VitaNex.VitaNexCore.Configure()


