
***ERROR LOG [2024-08-21 12:09:00 AM]***
Object reference not set to an instance of an object.
System.NullReferenceException: Object reference not set to an instance of an object.
   at System.ObjectExtUtility.GetEventDelegates(Object obj, String eventName)
   at VitaNex.VitaNexCore.Configure()



***ERROR LOG [2024-08-21 7:10:19 AM]***
Object reference not set to an instance of an object.
System.NullReferenceException: Object reference not set to an instance of an object.
   at System.ObjectExtUtility.GetEventDelegates(Object obj, String eventName)
   at VitaNex.VitaNexCore.Configure()



***ERROR LOG [2024-08-21 7:19:04 AM]***
Object reference not set to an instance of an object.
System.NullReferenceException: Object reference not set to an instance of an object.
   at System.ObjectExtUtility.GetEventDelegates(Object obj, String eventName)
   at VitaNex.VitaNexCore.Configure()



***ERROR LOG [2024-08-21 7:34:04 AM]***
Object reference not set to an instance of an object.
System.NullReferenceException: Object reference not set to an instance of an object.
   at System.ObjectExtUtility.GetEventDelegates(Object obj, String eventName)
   at VitaNex.VitaNexCore.Configure()



***ERROR LOG [2024-08-21 7:34:48 AM]***
Object reference not set to an instance of an object.
System.NullReferenceException: Object reference not set to an instance of an object.
   at System.ObjectExtUtility.GetEventDelegates(Object obj, String eventName)
   at VitaNex.VitaNexCore.Configure()



***ERROR LOG [2024-08-21 9:52:56 AM]***
Object reference not set to an instance of an object.
System.NullReferenceException: Object reference not set to an instance of an object.
   at System.ObjectExtUtility.GetEventDelegates(Object obj, String eventName)
   at VitaNex.VitaNexCore.Configure()



***ERROR LOG [2024-08-21 10:29:08 AM]***
Object reference not set to an instance of an object.
System.NullReferenceException: Object reference not set to an instance of an object.
   at System.ObjectExtUtility.GetEventDelegates(Object obj, String eventName)
   at VitaNex.VitaNexCore.Configure()



***ERROR LOG [2024-08-21 10:37:58 AM]***
Object reference not set to an instance of an object.
System.NullReferenceException: Object reference not set to an instance of an object.
   at System.ObjectExtUtility.GetEventDelegates(Object obj, String eventName)
   at VitaNex.VitaNexCore.Configure()



***ERROR LOG [2024-08-21 12:32:09 PM]***
Object reference not set to an instance of an object.
System.NullReferenceException: Object reference not set to an instance of an object.
   at System.ObjectExtUtility.GetEventDelegates(Object obj, String eventName)
   at VitaNex.VitaNexCore.Configure()



***ERROR LOG [2024-08-21 12:35:43 PM]***
Object reference not set to an instance of an object.
System.NullReferenceException: Object reference not set to an instance of an object.
   at System.ObjectExtUtility.GetEventDelegates(Object obj, String eventName)
   at VitaNex.VitaNexCore.Configure()



***ERROR LOG [2024-08-21 12:44:03 PM]***
Object reference not set to an instance of an object.
System.NullReferenceException: Object reference not set to an instance of an object.
   at System.ObjectExtUtility.GetEventDelegates(Object obj, String eventName)
   at VitaNex.VitaNexCore.Configure()



***ERROR LOG [2024-08-21 3:41:56 PM]***
Object reference not set to an instance of an object.
System.NullReferenceException: Object reference not set to an instance of an object.
   at System.ObjectExtUtility.GetEventDelegates(Object obj, String eventName)
   at VitaNex.VitaNexCore.Configure()



***ERROR LOG [2024-08-21 4:06:48 PM]***
Object reference not set to an instance of an object.
System.NullReferenceException: Object reference not set to an instance of an object.
   at System.ObjectExtUtility.GetEventDelegates(Object obj, String eventName)
   at VitaNex.VitaNexCore.Configure()



***ERROR LOG [2024-08-21 5:07:25 PM]***
Object reference not set to an instance of an object.
System.NullReferenceException: Object reference not set to an instance of an object.
   at System.ObjectExtUtility.GetEventDelegates(Object obj, String eventName)
   at VitaNex.VitaNexCore.Configure()



***ERROR LOG [2024-08-21 5:23:48 PM]***
Object reference not set to an instance of an object.
System.NullReferenceException: Object reference not set to an instance of an object.
   at System.ObjectExtUtility.GetEventDelegates(Object obj, String eventName)
   at VitaNex.VitaNexCore.Configure()



***ERROR LOG [2024-08-21 5:55:45 PM]***
Object reference not set to an instance of an object.
System.NullReferenceException: Object reference not set to an instance of an object.
   at System.ObjectExtUtility.GetEventDelegates(Object obj, String eventName)
   at VitaNex.VitaNexCore.Configure()



***ERROR LOG [2024-08-21 6:08:11 PM]***
Object reference not set to an instance of an object.
System.NullReferenceException: Object reference not set to an instance of an object.
   at System.ObjectExtUtility.GetEventDelegates(Object obj, String eventName)
   at VitaNex.VitaNexCore.Configure()



***ERROR LOG [2024-08-21 7:34:08 PM]***
Object reference not set to an instance of an object.
System.NullReferenceException: Object reference not set to an instance of an object.
   at System.ObjectExtUtility.GetEventDelegates(Object obj, String eventName)
   at VitaNex.VitaNexCore.Configure()



***ERROR LOG [2024-08-21 7:40:59 PM]***
Object reference not set to an instance of an object.
System.NullReferenceException: Object reference not set to an instance of an object.
   at System.ObjectExtUtility.GetEventDelegates(Object obj, String eventName)
   at VitaNex.VitaNexCore.Configure()



***ERROR LOG [2024-08-21 9:25:19 PM]***
Object reference not set to an instance of an object.
System.NullReferenceException: Object reference not set to an instance of an object.
   at System.ObjectExtUtility.GetEventDelegates(Object obj, String eventName)
   at VitaNex.VitaNexCore.Configure()



***ERROR LOG [2024-08-21 9:40:10 PM]***
Object reference not set to an instance of an object.
System.NullReferenceException: Object reference not set to an instance of an object.
   at System.ObjectExtUtility.GetEventDelegates(Object obj, String eventName)
   at VitaNex.VitaNexCore.Configure()



***ERROR LOG [2024-08-21 9:59:29 PM]***
Object reference not set to an instance of an object.
System.NullReferenceException: Object reference not set to an instance of an object.
   at System.ObjectExtUtility.GetEventDelegates(Object obj, String eventName)
   at VitaNex.VitaNexCore.Configure()



***ERROR LOG [2024-08-21 10:17:32 PM]***
Object reference not set to an instance of an object.
System.NullReferenceException: Object reference not set to an instance of an object.
   at System.ObjectExtUtility.GetEventDelegates(Object obj, String eventName)
   at VitaNex.VitaNexCore.Configure()



***ERROR LOG [2024-08-21 10:33:24 PM]***
Object reference not set to an instance of an object.
System.NullReferenceException: Object reference not set to an instance of an object.
   at System.ObjectExtUtility.GetEventDelegates(Object obj, String eventName)
   at VitaNex.VitaNexCore.Configure()


