
***ERROR LOG [2024-11-16 10:39:48 AM]***
Object reference not set to an instance of an object.
System.NullReferenceException: Object reference not set to an instance of an object.
   at System.ObjectExtUtility.GetEventDelegates(Object obj, String eventName)
   at VitaNex.VitaNexCore.Configure()



***ERROR LOG [2024-11-16 11:02:53 AM]***
Object reference not set to an instance of an object.
System.NullReferenceException: Object reference not set to an instance of an object.
   at System.ObjectExtUtility.GetEventDelegates(Object obj, String eventName)
   at VitaNex.VitaNexCore.Configure()



***ERROR LOG [2024-11-16 11:25:01 AM]***
Object reference not set to an instance of an object.
System.NullReferenceException: Object reference not set to an instance of an object.
   at System.ObjectExtUtility.GetEventDelegates(Object obj, String eventName)
   at VitaNex.VitaNexCore.Configure()



***ERROR LOG [2024-11-16 11:54:57 AM]***
Object reference not set to an instance of an object.
System.NullReferenceException: Object reference not set to an instance of an object.
   at System.ObjectExtUtility.GetEventDelegates(Object obj, String eventName)
   at VitaNex.VitaNexCore.Configure()



***ERROR LOG [2024-11-16 12:18:10 PM]***
Object reference not set to an instance of an object.
System.NullReferenceException: Object reference not set to an instance of an object.
   at System.ObjectExtUtility.GetEventDelegates(Object obj, String eventName)
   at VitaNex.VitaNexCore.Configure()



***ERROR LOG [2024-11-16 12:38:09 PM]***
Object reference not set to an instance of an object.
System.NullReferenceException: Object reference not set to an instance of an object.
   at System.ObjectExtUtility.GetEventDelegates(Object obj, String eventName)
   at VitaNex.VitaNexCore.Configure()



***ERROR LOG [2024-11-16 2:28:27 PM]***
Object reference not set to an instance of an object.
System.NullReferenceException: Object reference not set to an instance of an object.
   at System.ObjectExtUtility.GetEventDelegates(Object obj, String eventName)
   at VitaNex.VitaNexCore.Configure()



***ERROR LOG [2024-11-16 3:03:11 PM]***
Object reference not set to an instance of an object.
System.NullReferenceException: Object reference not set to an instance of an object.
   at System.ObjectExtUtility.GetEventDelegates(Object obj, String eventName)
   at VitaNex.VitaNexCore.Configure()



***ERROR LOG [2024-11-16 3:35:13 PM]***
Object reference not set to an instance of an object.
System.NullReferenceException: Object reference not set to an instance of an object.
   at System.ObjectExtUtility.GetEventDelegates(Object obj, String eventName)
   at VitaNex.VitaNexCore.Configure()



***ERROR LOG [2024-11-16 6:04:48 PM]***
Object reference not set to an instance of an object.
System.NullReferenceException: Object reference not set to an instance of an object.
   at System.ObjectExtUtility.GetEventDelegates(Object obj, String eventName)
   at VitaNex.VitaNexCore.Configure()



***ERROR LOG [2024-11-16 8:28:41 PM]***
Object reference not set to an instance of an object.
System.NullReferenceException: Object reference not set to an instance of an object.
   at System.ObjectExtUtility.GetEventDelegates(Object obj, String eventName)
   at VitaNex.VitaNexCore.Configure()



***ERROR LOG [2024-11-16 8:55:39 PM]***
Object reference not set to an instance of an object.
System.NullReferenceException: Object reference not set to an instance of an object.
   at System.ObjectExtUtility.GetEventDelegates(Object obj, String eventName)
   at VitaNex.VitaNexCore.Configure()



***ERROR LOG [2024-11-16 9:18:26 PM]***
Object reference not set to an instance of an object.
System.NullReferenceException: Object reference not set to an instance of an object.
   at System.ObjectExtUtility.GetEventDelegates(Object obj, String eventName)
   at VitaNex.VitaNexCore.Configure()



***ERROR LOG [2024-11-16 9:42:50 PM]***
Object reference not set to an instance of an object.
System.NullReferenceException: Object reference not set to an instance of an object.
   at System.ObjectExtUtility.GetEventDelegates(Object obj, String eventName)
   at VitaNex.VitaNexCore.Configure()


