
***ERROR LOG [2024-08-15 7:15:05 AM]***
Object reference not set to an instance of an object.
System.NullReferenceException: Object reference not set to an instance of an object.
   at System.ObjectExtUtility.GetEventDelegates(Object obj, String eventName)
   at VitaNex.VitaNexCore.Configure()



***ERROR LOG [2024-08-15 7:46:10 AM]***
Object reference not set to an instance of an object.
System.NullReferenceException: Object reference not set to an instance of an object.
   at System.ObjectExtUtility.GetEventDelegates(Object obj, String eventName)
   at VitaNex.VitaNexCore.Configure()



***ERROR LOG [2024-08-15 7:53:33 AM]***
Object reference not set to an instance of an object.
System.NullReferenceException: Object reference not set to an instance of an object.
   at System.ObjectExtUtility.GetEventDelegates(Object obj, String eventName)
   at VitaNex.VitaNexCore.Configure()



***ERROR LOG [2024-08-15 8:02:07 AM]***
Object reference not set to an instance of an object.
System.NullReferenceException: Object reference not set to an instance of an object.
   at System.ObjectExtUtility.GetEventDelegates(Object obj, String eventName)
   at VitaNex.VitaNexCore.Configure()



***ERROR LOG [2024-08-15 8:39:01 AM]***
Object reference not set to an instance of an object.
System.NullReferenceException: Object reference not set to an instance of an object.
   at System.ObjectExtUtility.GetEventDelegates(Object obj, String eventName)
   at VitaNex.VitaNexCore.Configure()



***ERROR LOG [2024-08-15 11:22:22 AM]***
Object reference not set to an instance of an object.
System.NullReferenceException: Object reference not set to an instance of an object.
   at System.ObjectExtUtility.GetEventDelegates(Object obj, String eventName)
   at VitaNex.VitaNexCore.Configure()



***ERROR LOG [2024-08-15 12:24:09 PM]***
Object reference not set to an instance of an object.
System.NullReferenceException: Object reference not set to an instance of an object.
   at System.ObjectExtUtility.GetEventDelegates(Object obj, String eventName)
   at VitaNex.VitaNexCore.Configure()



***ERROR LOG [2024-08-15 3:58:06 PM]***
Object reference not set to an instance of an object.
System.NullReferenceException: Object reference not set to an instance of an object.
   at System.ObjectExtUtility.GetEventDelegates(Object obj, String eventName)
   at VitaNex.VitaNexCore.Configure()



***ERROR LOG [2024-08-15 4:04:53 PM]***
Object reference not set to an instance of an object.
System.NullReferenceException: Object reference not set to an instance of an object.
   at System.ObjectExtUtility.GetEventDelegates(Object obj, String eventName)
   at VitaNex.VitaNexCore.Configure()



***ERROR LOG [2024-08-15 6:19:44 PM]***
Object reference not set to an instance of an object.
System.NullReferenceException: Object reference not set to an instance of an object.
   at System.ObjectExtUtility.GetEventDelegates(Object obj, String eventName)
   at VitaNex.VitaNexCore.Configure()



***ERROR LOG [2024-08-15 7:22:37 PM]***
Object reference not set to an instance of an object.
System.NullReferenceException: Object reference not set to an instance of an object.
   at System.ObjectExtUtility.GetEventDelegates(Object obj, String eventName)
   at VitaNex.VitaNexCore.Configure()



***ERROR LOG [2024-08-15 9:14:47 PM]***
Object reference not set to an instance of an object.
System.NullReferenceException: Object reference not set to an instance of an object.
   at System.ObjectExtUtility.GetEventDelegates(Object obj, String eventName)
   at VitaNex.VitaNexCore.Configure()



***ERROR LOG [2024-08-15 9:48:25 PM]***
Object reference not set to an instance of an object.
System.NullReferenceException: Object reference not set to an instance of an object.
   at System.ObjectExtUtility.GetEventDelegates(Object obj, String eventName)
   at VitaNex.VitaNexCore.Configure()



***ERROR LOG [2024-08-15 10:41:26 PM]***
Object reference not set to an instance of an object.
System.NullReferenceException: Object reference not set to an instance of an object.
   at System.ObjectExtUtility.GetEventDelegates(Object obj, String eventName)
   at VitaNex.VitaNexCore.Configure()



***ERROR LOG [2024-08-15 11:59:57 PM]***
Object reference not set to an instance of an object.
System.NullReferenceException: Object reference not set to an instance of an object.
   at System.ObjectExtUtility.GetEventDelegates(Object obj, String eventName)
   at VitaNex.VitaNexCore.Configure()


