
***ERROR LOG [2024-09-22 4:24:19 AM]***
Object reference not set to an instance of an object.
System.NullReferenceException: Object reference not set to an instance of an object.
   at System.ObjectExtUtility.GetEventDelegates(Object obj, String eventName)
   at VitaNex.VitaNexCore.Configure()



***ERROR LOG [2024-09-22 4:31:38 AM]***
Object reference not set to an instance of an object.
System.NullReferenceException: Object reference not set to an instance of an object.
   at System.ObjectExtUtility.GetEventDelegates(Object obj, String eventName)
   at VitaNex.VitaNexCore.Configure()



***ERROR LOG [2024-09-22 2:11:11 PM]***
Object reference not set to an instance of an object.
System.NullReferenceException: Object reference not set to an instance of an object.
   at System.ObjectExtUtility.GetEventDelegates(Object obj, String eventName)
   at VitaNex.VitaNexCore.Configure()



***ERROR LOG [2024-09-22 2:36:22 PM]***
Object reference not set to an instance of an object.
System.NullReferenceException: Object reference not set to an instance of an object.
   at System.ObjectExtUtility.GetEventDelegates(Object obj, String eventName)
   at VitaNex.VitaNexCore.Configure()


